<?xml version="1.0" encoding="UTF-8"?>
<testng-results ignored="0" total="1" passed="1" failed="0" skipped="0">
  <reporter-output>
  </reporter-output>
  <suite started-at="2022-10-15T07:20:50 IST" name="Default suite" finished-at="2022-10-15T07:21:17 IST" duration-ms="27155">
    <groups>
    </groups>
    <test started-at="2022-10-15T07:20:50 IST" name="Default test" finished-at="2022-10-15T07:21:17 IST" duration-ms="27155">
      <class name="testCase.scrapeInfo">
        <test-method is-config="true" signature="openBrowser()[pri:0, instance:testCase.scrapeInfo@6bd61f98]" started-at="2022-10-15T07:20:50 IST" name="openBrowser" finished-at="2022-10-15T07:20:53 IST" duration-ms="3723" status="PASS">
          <reporter-output>
          </reporter-output>
        </test-method> <!-- openBrowser -->
        <test-method signature="phonesInfo()[pri:0, instance:testCase.scrapeInfo@6bd61f98]" started-at="2022-10-15T07:20:53 IST" name="phonesInfo" finished-at="2022-10-15T07:21:17 IST" duration-ms="23396" status="PASS">
          <reporter-output>
          </reporter-output>
        </test-method> <!-- phonesInfo -->
      </class> <!-- testCase.scrapeInfo -->
    </test> <!-- Default test -->
  </suite> <!-- Default suite -->
</testng-results>
